myAndroidExample/build/outputs/logs/manifest-merger-debug-report.txt
-- Merging decision tree log ---
manifest
ADDED from src\main\AndroidManifest.xml:2:1-235:12
	package
		ADDED from src\main\AndroidManifest.xml:3:5-26
		INJECTED from src\main\AndroidManifest.xml
		INJECTED from src\main\AndroidManifest.xml
	android:versionName
		ADDED from src\main\AndroidManifest.xml:5:5-30
		INJECTED from src\main\AndroidManifest.xml
		INJECTED from src\main\AndroidManifest.xml
	android:versionCode
		ADDED from src\main\AndroidManifest.xml:4:5-28
		INJECTED from src\main\AndroidManifest.xml
		INJECTED from src\main\AndroidManifest.xml
	xmlns:android
		ADDED from src\main\AndroidManifest.xml:2:11-69
uses-sdk
ADDED from src\main\AndroidManifest.xml:7:5-43
	android:targetSdkVersion
		INJECTED from src\main\AndroidManifest.xml
		INJECTED from src\main\AndroidManifest.xml
	android:minSdkVersion
		ADDED from src\main\AndroidManifest.xml:7:15-40
		INJECTED from src\main\AndroidManifest.xml
		INJECTED from src\main\AndroidManifest.xml
application
ADDED from src\main\AndroidManifest.xml:9:5-219:19
	android:label
		ADDED from src\main\AndroidManifest.xml:11:9-41
	android:icon
		ADDED from src\main\AndroidManifest.xml:10:9-45
	android:name
		ADDED from src\main\AndroidManifest.xml:12:9-45
activity#com.example.AppStart
ADDED from src\main\AndroidManifest.xml:13:9-21:20
	android:label
		ADDED from src\main\AndroidManifest.xml:14:13-45
	android:name
		ADDED from src\main\AndroidManifest.xml:15:13-37
intent-filter#android.intent.action.MAIN+android.intent.category.LAUNCHER
ADDED from src\main\AndroidManifest.xml:16:13-20:29
action#android.intent.action.MAIN
ADDED from src\main\AndroidManifest.xml:17:17-69
	android:name
		ADDED from src\main\AndroidManifest.xml:17:25-66
category#android.intent.category.LAUNCHER
ADDED from src\main\AndroidManifest.xml:19:17-77
	android:name
		ADDED from src\main\AndroidManifest.xml:19:27-74
receiver#com.example.widget.test1.WidetDemo
ADDED from src\main\AndroidManifest.xml:23:9-33:20
	android:label
		ADDED from src\main\AndroidManifest.xml:24:13-45
	android:name
		ADDED from src\main\AndroidManifest.xml:25:13-51
intent-filter#android.appwidget.action.APPWIDGET_UPDATE
ADDED from src\main\AndroidManifest.xml:26:13-28:29
action#android.appwidget.action.APPWIDGET_UPDATE
ADDED from src\main\AndroidManifest.xml:27:17-84
	android:name
		ADDED from src\main\AndroidManifest.xml:27:25-81
meta-data#android.appwidget.provider
ADDED from src\main\AndroidManifest.xml:30:13-32:59
	android:resource
		ADDED from src\main\AndroidManifest.xml:32:17-56
	android:name
		ADDED from src\main\AndroidManifest.xml:31:17-58
receiver#com.example.AlarmManager.ActionBroadCast
ADDED from src\main\AndroidManifest.xml:34:9-35:20
	android:name
		ADDED from src\main\AndroidManifest.xml:34:19-63
receiver#com.example.widget.MonitorWidgetProvider
ADDED from src\main\AndroidManifest.xml:36:9-37:20
	android:name
		ADDED from src\main\AndroidManifest.xml:36:19-63
receiver#com.example.broadcastreceiver.Broadcastreceivetest
ADDED from src\main\AndroidManifest.xml:38:9-44:20
	android:name
		ADDED from src\main\AndroidManifest.xml:38:19-73
intent-filter#android.intent.action.BOOT_COMPLETED+android.intent.category.HOME
ADDED from src\main\AndroidManifest.xml:39:13-43:29
action#android.intent.action.BOOT_COMPLETED
ADDED from src\main\AndroidManifest.xml:40:17-79
	android:name
		ADDED from src\main\AndroidManifest.xml:40:25-76
category#android.intent.category.HOME
ADDED from src\main\AndroidManifest.xml:42:17-73
	android:name
		ADDED from src\main\AndroidManifest.xml:42:27-70
service#com.example.AlarmManager.ActionService
ADDED from src\main\AndroidManifest.xml:46:9-47:19
	android:name
		ADDED from src\main\AndroidManifest.xml:46:18-60
service#com.example.service.MyService
ADDED from src\main\AndroidManifest.xml:48:9-49:19
	android:name
		ADDED from src\main\AndroidManifest.xml:48:18-51
service#com.example.service1.MusicService1
ADDED from src\main\AndroidManifest.xml:50:9-51:19
	android:name
		ADDED from src\main\AndroidManifest.xml:50:18-56
service#com.example.widget.FloatService
ADDED from src\main\AndroidManifest.xml:52:9-56:19
	android:enabled
		ADDED from src\main\AndroidManifest.xml:53:13-35
	android:exported
		ADDED from src\main\AndroidManifest.xml:54:13-36
	android:name
		ADDED from src\main\AndroidManifest.xml:55:13-48
service#com.example.serviceAndcontentProvider.MusicService
ADDED from src\main\AndroidManifest.xml:57:9-59:70
	android:exported
		ADDED from src\main\AndroidManifest.xml:58:13-36
	android:name
		ADDED from src\main\AndroidManifest.xml:59:13-67
activity#com.example.MyAndroidExampleActivity
ADDED from src\main\AndroidManifest.xml:61:9-62:20
	android:name
		ADDED from src\main\AndroidManifest.xml:61:19-59
activity#com.example.AlarmManager.ActionActivity
ADDED from src\main\AndroidManifest.xml:63:9-64:20
	android:name
		ADDED from src\main\AndroidManifest.xml:63:19-62
activity#com.example.AlarmManager.AlarmTestActivity
ADDED from src\main\AndroidManifest.xml:65:9-66:20
	android:name
		ADDED from src\main\AndroidManifest.xml:65:19-65
activity#com.example.GestureActivity.GestureActivity
ADDED from src\main\AndroidManifest.xml:67:9-68:20
	android:name
		ADDED from src\main\AndroidManifest.xml:67:19-66
activity#com.example.GestureActivity.GestureUtils
ADDED from src\main\AndroidManifest.xml:69:9-70:20
	android:name
		ADDED from src\main\AndroidManifest.xml:69:19-63
activity#com.example.GestureActivity.GestureTest
ADDED from src\main\AndroidManifest.xml:71:9-72:20
	android:name
		ADDED from src\main\AndroidManifest.xml:71:19-62
activity#com.example.GestureActivity.GestureActivity1
ADDED from src\main\AndroidManifest.xml:73:9-74:20
	android:name
		ADDED from src\main\AndroidManifest.xml:73:19-67
activity#com.example.time.ChronoDemo
ADDED from src\main\AndroidManifest.xml:75:9-76:20
	android:name
		ADDED from src\main\AndroidManifest.xml:75:19-50
activity#com.example.time.Timetest
ADDED from src\main\AndroidManifest.xml:77:9-78:20
	android:name
		ADDED from src\main\AndroidManifest.xml:77:19-48
activity#com.example.button.ButtonTest
ADDED from src\main\AndroidManifest.xml:79:9-80:20
	android:name
		ADDED from src\main\AndroidManifest.xml:79:19-52
activity#com.example.button.PageFlipperActivity
ADDED from src\main\AndroidManifest.xml:81:9-82:20
	android:name
		ADDED from src\main\AndroidManifest.xml:81:19-61
activity#com.example.button.ButtonState
ADDED from src\main\AndroidManifest.xml:83:9-84:20
	android:name
		ADDED from src\main\AndroidManifest.xml:83:19-53
activity#com.example.button.PathButtonActivity
ADDED from src\main\AndroidManifest.xml:85:9-86:20
	android:name
		ADDED from src\main\AndroidManifest.xml:85:19-60
activity#com.example.list.MainActivity
ADDED from src\main\AndroidManifest.xml:87:9-88:20
	android:name
		ADDED from src\main\AndroidManifest.xml:87:19-52
activity#com.example.list.ListTest
ADDED from src\main\AndroidManifest.xml:89:9-90:20
	android:name
		ADDED from src\main\AndroidManifest.xml:89:19-48
activity#com.example.list.MyMain
ADDED from src\main\AndroidManifest.xml:91:9-92:20
	android:name
		ADDED from src\main\AndroidManifest.xml:91:19-46
activity#com.example.surfaceView.TestSurfaceView
ADDED from src\main\AndroidManifest.xml:93:9-94:20
	android:name
		ADDED from src\main\AndroidManifest.xml:93:19-62
activity#com.example.surfaceView.SurfaceTest
ADDED from src\main\AndroidManifest.xml:95:9-96:20
	android:name
		ADDED from src\main\AndroidManifest.xml:95:19-58
activity#com.example.surfaceView.TestOnSurface
ADDED from src\main\AndroidManifest.xml:97:9-98:20
	android:name
		ADDED from src\main\AndroidManifest.xml:97:19-60
activity#com.example.surfaceView.Test
ADDED from src\main\AndroidManifest.xml:99:9-100:20
	android:name
		ADDED from src\main\AndroidManifest.xml:99:19-51
activity#com.example.menu.Menu1
ADDED from src\main\AndroidManifest.xml:101:9-102:20
	android:name
		ADDED from src\main\AndroidManifest.xml:101:19-45
activity#com.example.menu.MenuTest
ADDED from src\main\AndroidManifest.xml:103:9-104:20
	android:name
		ADDED from src\main\AndroidManifest.xml:103:19-48
activity#com.example.menu.MenuActivity
ADDED from src\main\AndroidManifest.xml:105:9-106:20
	android:name
		ADDED from src\main\AndroidManifest.xml:105:19-52
activity#com.example.menu.TestTabMenu
ADDED from src\main\AndroidManifest.xml:107:9-108:20
	android:name
		ADDED from src\main\AndroidManifest.xml:107:19-51
activity#com.example.dialog.DiaAllActivity
ADDED from src\main\AndroidManifest.xml:109:9-110:20
	android:name
		ADDED from src\main\AndroidManifest.xml:109:19-56
activity#com.example.dialog.DialogTest
ADDED from src\main\AndroidManifest.xml:111:9-112:20
	android:name
		ADDED from src\main\AndroidManifest.xml:111:19-52
activity#com.example.dialog.PoupWindowDemoActivity
ADDED from src\main\AndroidManifest.xml:113:9-114:20
	android:name
		ADDED from src\main\AndroidManifest.xml:113:19-64
activity#com.example.tost.Main2
ADDED from src\main\AndroidManifest.xml:115:9-116:20
	android:name
		ADDED from src\main\AndroidManifest.xml:115:19-45
activity#com.example.tost.TostTest
ADDED from src\main\AndroidManifest.xml:117:9-118:20
	android:name
		ADDED from src\main\AndroidManifest.xml:117:19-48
activity#com.example.progressDialog.PDialog
ADDED from src\main\AndroidManifest.xml:119:9-120:20
	android:name
		ADDED from src\main\AndroidManifest.xml:119:19-57
activity#com.example.progressDialog.ProgressDialogTest
ADDED from src\main\AndroidManifest.xml:121:9-122:20
	android:name
		ADDED from src\main\AndroidManifest.xml:121:19-68
activity#com.example.tabhost.TabTest
ADDED from src\main\AndroidManifest.xml:123:9-124:20
	android:name
		ADDED from src\main\AndroidManifest.xml:123:19-50
activity#com.example.tabhost.mytestWidget
ADDED from src\main\AndroidManifest.xml:125:9-126:20
	android:name
		ADDED from src\main\AndroidManifest.xml:125:19-55
activity#com.example.tabhost.TabMenuActivity
ADDED from src\main\AndroidManifest.xml:127:9-128:20
	android:name
		ADDED from src\main\AndroidManifest.xml:127:19-58
activity#com.example.tabhost.DoubleTabHost
ADDED from src\main\AndroidManifest.xml:129:9-130:20
	android:name
		ADDED from src\main\AndroidManifest.xml:129:19-56
activity#com.example.tabhost.NormalActivity
ADDED from src\main\AndroidManifest.xml:131:9-132:20
	android:name
		ADDED from src\main\AndroidManifest.xml:131:19-57
activity#com.example.tabhost.SubTab
ADDED from src\main\AndroidManifest.xml:133:9-134:20
	android:name
		ADDED from src\main\AndroidManifest.xml:133:19-49
activity#com.example.gridview.Activity01
ADDED from src\main\AndroidManifest.xml:135:9-136:20
	android:name
		ADDED from src\main\AndroidManifest.xml:135:19-54
activity#com.example.gridview.GridviewTest
ADDED from src\main\AndroidManifest.xml:137:9-138:20
	android:name
		ADDED from src\main\AndroidManifest.xml:137:19-56
activity#com.example.gallery.MainActivity
ADDED from src\main\AndroidManifest.xml:139:9-140:20
	android:name
		ADDED from src\main\AndroidManifest.xml:139:19-55
activity#com.example.gallery.GalleryTest
ADDED from src\main\AndroidManifest.xml:141:9-142:20
	android:name
		ADDED from src\main\AndroidManifest.xml:141:19-54
activity#com.example.gallery.test1.Guide
ADDED from src\main\AndroidManifest.xml:143:9-144:20
	android:name
		ADDED from src\main\AndroidManifest.xml:143:19-54
activity#com.example.gallery.test2.GalleryFlowActivity
ADDED from src\main\AndroidManifest.xml:145:9-146:20
	android:name
		ADDED from src\main\AndroidManifest.xml:145:19-68
activity#com.example.gallery.test3.testImageView
ADDED from src\main\AndroidManifest.xml:147:9-148:20
	android:name
		ADDED from src\main\AndroidManifest.xml:147:19-62
activity#com.example.widget.memFloat
ADDED from src\main\AndroidManifest.xml:149:9-150:20
	android:name
		ADDED from src\main\AndroidManifest.xml:149:19-50
activity#com.example.widget.WidgetTest
ADDED from src\main\AndroidManifest.xml:151:9-152:20
	android:name
		ADDED from src\main\AndroidManifest.xml:151:19-52
activity#com.example.widget.test1.WidgetDemoTest
ADDED from src\main\AndroidManifest.xml:153:9-154:20
	android:name
		ADDED from src\main\AndroidManifest.xml:153:19-62
activity#com.example.widget.test1.Shortcuts
ADDED from src\main\AndroidManifest.xml:155:9-156:20
	android:name
		ADDED from src\main\AndroidManifest.xml:155:19-57
activity#com.example.Notification.Notification1
ADDED from src\main\AndroidManifest.xml:157:9-158:20
	android:name
		ADDED from src\main\AndroidManifest.xml:157:19-61
activity#com.example.Notification.NotificationTest
ADDED from src\main\AndroidManifest.xml:159:9-160:20
	android:name
		ADDED from src\main\AndroidManifest.xml:159:19-64
activity#com.example.ViewFlipper.FlingGalleryActivity
ADDED from src\main\AndroidManifest.xml:161:9-162:20
	android:name
		ADDED from src\main\AndroidManifest.xml:161:19-67
activity#com.example.ViewFlipper.ViewTest
ADDED from src\main\AndroidManifest.xml:163:9-164:20
	android:name
		ADDED from src\main\AndroidManifest.xml:163:19-55
activity#com.example.ViewFlipper1.ViewFlipperActivity
ADDED from src\main\AndroidManifest.xml:165:9-166:20
	android:name
		ADDED from src\main\AndroidManifest.xml:165:19-67
activity#com.example.Viewpager.TestViewPager
ADDED from src\main\AndroidManifest.xml:167:9-168:20
	android:name
		ADDED from src\main\AndroidManifest.xml:167:19-58
activity#com.example.slidingdrawer.SlidingDrawerDemoActivity
ADDED from src\main\AndroidManifest.xml:169:9-170:20
	android:name
		ADDED from src\main\AndroidManifest.xml:169:19-74
activity#com.example.slidingdrawer.SlidingDrawerTest
ADDED from src\main\AndroidManifest.xml:171:9-172:20
	android:name
		ADDED from src\main\AndroidManifest.xml:171:19-66
activity#com.example.slidingdrawer1.main
ADDED from src\main\AndroidManifest.xml:173:9-174:20
	android:name
		ADDED from src\main\AndroidManifest.xml:173:19-54
activity#com.example.turn.turntest
ADDED from src\main\AndroidManifest.xml:175:9-176:20
	android:name
		ADDED from src\main\AndroidManifest.xml:175:19-48
activity#com.example.plasma.AnimActivity
ADDED from src\main\AndroidManifest.xml:177:9-178:20
	android:name
		ADDED from src\main\AndroidManifest.xml:177:19-54
activity#com.example.MyAppDemo
ADDED from src\main\AndroidManifest.xml:179:9-180:20
	android:name
		ADDED from src\main\AndroidManifest.xml:179:19-44
activity#com.example.activity.ActivityDemo
ADDED from src\main\AndroidManifest.xml:181:9-182:20
	android:name
		ADDED from src\main\AndroidManifest.xml:181:19-56
activity#com.example.activity.ActivityIntentDemo
ADDED from src\main\AndroidManifest.xml:183:9-184:20
	android:name
		ADDED from src\main\AndroidManifest.xml:183:19-62
activity#com.example.activity.ActivityIntentDemo1
ADDED from src\main\AndroidManifest.xml:185:9-186:20
	android:name
		ADDED from src\main\AndroidManifest.xml:185:19-63
activity#com.example.activity.ActivityTest
ADDED from src\main\AndroidManifest.xml:187:9-188:20
	android:name
		ADDED from src\main\AndroidManifest.xml:187:19-56
activity#com.example.service.TestService
ADDED from src\main\AndroidManifest.xml:189:9-190:20
	android:name
		ADDED from src\main\AndroidManifest.xml:189:19-54
activity#com.example.service.ServiceTest
ADDED from src\main\AndroidManifest.xml:191:9-192:20
	android:name
		ADDED from src\main\AndroidManifest.xml:191:19-54
activity#com.example.service1.MusicServiceActivity
ADDED from src\main\AndroidManifest.xml:193:9-194:20
	android:name
		ADDED from src\main\AndroidManifest.xml:193:19-64
activity#com.example.serviceAndcontentProvider.MusicDemo
ADDED from src\main\AndroidManifest.xml:195:9-196:20
	android:name
		ADDED from src\main\AndroidManifest.xml:195:19-70
activity#com.example.handle.TestHandle
ADDED from src\main\AndroidManifest.xml:197:9-198:20
	android:name
		ADDED from src\main\AndroidManifest.xml:197:19-52
activity#com.example.handle.HandlerTest
ADDED from src\main\AndroidManifest.xml:199:9-200:20
	android:name
		ADDED from src\main\AndroidManifest.xml:199:19-53
activity#com.example.downloader.asd
ADDED from src\main\AndroidManifest.xml:201:9-202:20
	android:name
		ADDED from src\main\AndroidManifest.xml:201:19-49
activity#com.example.file.ZipTest
ADDED from src\main\AndroidManifest.xml:203:9-204:20
	android:name
		ADDED from src\main\AndroidManifest.xml:203:19-47
activity#com.example.file.FileTest
ADDED from src\main\AndroidManifest.xml:205:9-206:20
	android:name
		ADDED from src\main\AndroidManifest.xml:205:19-48
activity#com.example.file.FileWriteAndRead
ADDED from src\main\AndroidManifest.xml:207:9-208:20
	android:name
		ADDED from src\main\AndroidManifest.xml:207:19-56
activity#com.example.json.JsonDemo
ADDED from src\main\AndroidManifest.xml:209:9-210:20
	android:name
		ADDED from src\main\AndroidManifest.xml:209:19-48
activity#com.example.json.jsonTest
ADDED from src\main\AndroidManifest.xml:211:9-212:20
	android:name
		ADDED from src\main\AndroidManifest.xml:211:19-48
activity#com.example.xml.PraseResult
ADDED from src\main\AndroidManifest.xml:213:9-214:20
	android:name
		ADDED from src\main\AndroidManifest.xml:213:19-50
activity#com.example.xml.PraseXml
ADDED from src\main\AndroidManifest.xml:215:9-216:20
	android:name
		ADDED from src\main\AndroidManifest.xml:215:19-47
activity#broadcastreceiver.Broadtest
ADDED from src\main\AndroidManifest.xml:217:9-218:20
	android:name
		ADDED from src\main\AndroidManifest.xml:217:19-61
uses-permission#android.permission.SYSTEM_ALERT_WINDOW
ADDED from src\main\AndroidManifest.xml:221:5-78
	android:name
		ADDED from src\main\AndroidManifest.xml:221:22-75
uses-permission#com.android.launcher.permission.INSTALL_SHORTCUT
ADDED from src\main\AndroidManifest.xml:223:5-88
	android:name
		ADDED from src\main\AndroidManifest.xml:223:22-85
uses-permission#android.permission.VIBRATE
ADDED from src\main\AndroidManifest.xml:225:5-226:23
	android:name
		ADDED from src\main\AndroidManifest.xml:225:22-63
uses-permission#android.permission.INTERNET
ADDED from src\main\AndroidManifest.xml:228:5-229:23
	android:name
		ADDED from src\main\AndroidManifest.xml:228:22-64
uses-permission#android.permission.MOUNT_UNMOUNT_FILESYSTEMS
ADDED from src\main\AndroidManifest.xml:231:5-84
	android:name
		ADDED from src\main\AndroidManifest.xml:231:22-81
uses-permission#android.permission.WRITE_EXTERNAL_STORAGE
ADDED from src\main\AndroidManifest.xml:233:5-81
	android:name
		ADDED from src\main\AndroidManifest.xml:233:22-78